# Logfile created on 2014-02-15 11:48:25 +0000 by logger.rb/44203
I, [2014-02-15T11:48:25.919434 #44646]  INFO -- : 0:  addressable (2.3.5) from /Users/Vasenka/.rvm/gems/ruby-2.1.0/specifications/addressable-2.3.5.gemspec
I, [2014-02-15T11:48:28.366005 #44646]  INFO -- : 0:  bcrypt-ruby (3.1.2) from /Users/Vasenka/.rvm/gems/ruby-2.1.0/specifications/bcrypt-ruby-3.1.2.gemspec
I, [2014-02-15T11:48:28.927170 #44646]  INFO -- : 0:  builder (3.2.2) from /Users/Vasenka/.rvm/gems/ruby-2.1.0/specifications/builder-3.2.2.gemspec
I, [2014-02-15T11:48:29.746904 #44646]  INFO -- : 0:  mime-types (2.1) from /Users/Vasenka/.rvm/gems/ruby-2.1.0/specifications/mime-types-2.1.gemspec
I, [2014-02-15T11:48:30.215684 #44646]  INFO -- : 0:  mini_portile (0.5.2) from /Users/Vasenka/.rvm/gems/ruby-2.1.0/specifications/mini_portile-0.5.2.gemspec
I, [2014-02-15T11:49:56.290453 #44646]  INFO -- : 0:  nokogiri (1.6.1) from /Users/Vasenka/.rvm/gems/ruby-2.1.0/specifications/nokogiri-1.6.1.gemspec
I, [2014-02-15T11:49:57.302061 #44646]  INFO -- : 0:  rack (1.5.2) from /Users/Vasenka/.rvm/gems/ruby-2.1.0/specifications/rack-1.5.2.gemspec
I, [2014-02-15T11:49:57.983392 #44646]  INFO -- : 0:  rack-test (0.6.2) from /Users/Vasenka/.rvm/gems/ruby-2.1.0/specifications/rack-test-0.6.2.gemspec
I, [2014-02-15T11:49:58.502866 #44646]  INFO -- : 0:  xpath (2.0.0) from /Users/Vasenka/.rvm/gems/ruby-2.1.0/specifications/xpath-2.0.0.gemspec
I, [2014-02-15T11:49:59.554939 #44646]  INFO -- : 0:  capybara (2.2.1) from /Users/Vasenka/.rvm/gems/ruby-2.1.0/specifications/capybara-2.2.1.gemspec
I, [2014-02-15T11:50:00.306065 #44646]  INFO -- : 0:  diff-lcs (1.2.5) from /Users/Vasenka/.rvm/gems/ruby-2.1.0/specifications/diff-lcs-1.2.5.gemspec
I, [2014-02-15T11:50:00.842871 #44646]  INFO -- : 0:  multi_json (1.8.4) from /Users/Vasenka/.rvm/gems/ruby-2.1.0/specifications/multi_json-1.8.4.gemspec
I, [2014-02-15T11:50:19.949044 #44646]  INFO -- : 0:  gherkin (2.12.2) from /Users/Vasenka/.rvm/gems/ruby-2.1.0/specifications/gherkin-2.12.2.gemspec
I, [2014-02-15T11:50:20.432555 #44646]  INFO -- : 0:  multi_test (0.0.3) from /Users/Vasenka/.rvm/gems/ruby-2.1.0/specifications/multi_test-0.0.3.gemspec
I, [2014-02-15T11:50:21.578532 #44646]  INFO -- : 0:  cucumber (1.3.10) from /Users/Vasenka/.rvm/gems/ruby-2.1.0/specifications/cucumber-1.3.10.gemspec
I, [2014-02-15T11:50:22.379575 #44646]  INFO -- : 0:  extlib (0.9.16) from /Users/Vasenka/.rvm/gems/ruby-2.1.0/specifications/extlib-0.9.16.gemspec
I, [2014-02-15T11:50:23.225382 #44646]  INFO -- : 0:  highline (1.6.20) from /Users/Vasenka/.rvm/gems/ruby-2.1.0/specifications/highline-1.6.20.gemspec
I, [2014-02-15T11:50:23.797493 #44646]  INFO -- : 0:  templater (1.0.0) from /Users/Vasenka/.rvm/gems/ruby-2.1.0/specifications/templater-1.0.0.gemspec
I, [2014-02-15T11:50:24.334487 #44646]  INFO -- : 0:  cucumber-sinatra (0.5.0) from /Users/Vasenka/.rvm/gems/ruby-2.1.0/specifications/cucumber-sinatra-0.5.0.gemspec
I, [2014-02-15T11:50:25.684575 #44646]  INFO -- : 0:  dm-core (1.2.1) from /Users/Vasenka/.rvm/gems/ruby-2.1.0/specifications/dm-core-1.2.1.gemspec
I, [2014-02-15T11:50:26.321878 #44646]  INFO -- : 0:  dm-aggregates (1.2.0) from /Users/Vasenka/.rvm/gems/ruby-2.1.0/specifications/dm-aggregates-1.2.0.gemspec
I, [2014-02-15T11:50:27.000153 #44646]  INFO -- : 0:  dm-constraints (1.2.0) from /Users/Vasenka/.rvm/gems/ruby-2.1.0/specifications/dm-constraints-1.2.0.gemspec
I, [2014-02-15T11:50:27.656054 #44646]  INFO -- : 0:  dm-migrations (1.2.0) from /Users/Vasenka/.rvm/gems/ruby-2.1.0/specifications/dm-migrations-1.2.0.gemspec
I, [2014-02-15T11:50:28.428693 #44646]  INFO -- : 0:  fastercsv (1.5.5) from /Users/Vasenka/.rvm/gems/ruby-2.1.0/specifications/fastercsv-1.5.5.gemspec
I, [2014-02-15T11:50:28.429066 #44646]  INFO -- : 0:  json (1.8.1) from /Users/Vasenka/.rvm/rubies/ruby-2.1.0/lib/ruby/gems/2.1.0/specifications/default/json-1.8.1.gemspec
I, [2014-02-15T11:50:29.221008 #44646]  INFO -- : 0:  json_pure (1.8.1) from /Users/Vasenka/.rvm/gems/ruby-2.1.0/specifications/json_pure-1.8.1.gemspec
I, [2014-02-15T11:50:30.005345 #44646]  INFO -- : 0:  dm-serializer (1.2.2) from /Users/Vasenka/.rvm/gems/ruby-2.1.0/specifications/dm-serializer-1.2.2.gemspec
I, [2014-02-15T11:50:30.536455 #44646]  INFO -- : 0:  dm-timestamps (1.2.0) from /Users/Vasenka/.rvm/gems/ruby-2.1.0/specifications/dm-timestamps-1.2.0.gemspec
I, [2014-02-15T11:50:31.058301 #44646]  INFO -- : 0:  dm-transactions (1.2.0) from /Users/Vasenka/.rvm/gems/ruby-2.1.0/specifications/dm-transactions-1.2.0.gemspec
I, [2014-02-15T11:50:32.061850 #44646]  INFO -- : 0:  stringex (1.5.1) from /Users/Vasenka/.rvm/gems/ruby-2.1.0/specifications/stringex-1.5.1.gemspec
I, [2014-02-15T11:50:32.618541 #44646]  INFO -- : 0:  uuidtools (2.1.4) from /Users/Vasenka/.rvm/gems/ruby-2.1.0/specifications/uuidtools-2.1.4.gemspec
I, [2014-02-15T11:50:33.186812 #44646]  INFO -- : 0:  dm-types (1.2.2) from /Users/Vasenka/.rvm/gems/ruby-2.1.0/specifications/dm-types-1.2.2.gemspec
I, [2014-02-15T11:50:33.869797 #44646]  INFO -- : 0:  dm-validations (1.2.0) from /Users/Vasenka/.rvm/gems/ruby-2.1.0/specifications/dm-validations-1.2.0.gemspec
I, [2014-02-15T11:50:34.375366 #44646]  INFO -- : 0:  data_mapper (1.2.0) from /Users/Vasenka/.rvm/gems/ruby-2.1.0/specifications/data_mapper-1.2.0.gemspec
I, [2014-02-15T11:50:34.947696 #44646]  INFO -- : 0:  data_objects (0.10.14) from /Users/Vasenka/.rvm/gems/ruby-2.1.0/specifications/data_objects-0.10.14.gemspec
I, [2014-02-15T11:50:35.782039 #44646]  INFO -- : 0:  database_cleaner (1.2.0) from /Users/Vasenka/.rvm/gems/ruby-2.1.0/specifications/database_cleaner-1.2.0.gemspec
I, [2014-02-15T11:50:36.447467 #44646]  INFO -- : 0:  dm-do-adapter (1.2.0) from /Users/Vasenka/.rvm/gems/ruby-2.1.0/specifications/dm-do-adapter-1.2.0.gemspec
E, [2014-02-15T11:50:37.598509 #44646] ERROR -- : Gem::Ext::BuildError: ERROR: Failed to build gem native extension.

    /Users/Vasenka/.rvm/rubies/ruby-2.1.0/bin/ruby extconf.rb 
checking for main() in -lpq... yes
checking for libpq-fe.h... no
*** extconf.rb failed ***
Could not create Makefile due to some reason, probably lack of necessary
libraries and/or headers.  Check the mkmf.log file for more details.  You may
need configuration options.

Provided configuration options:
	--with-opt-dir
	--without-opt-dir
	--with-opt-include
	--without-opt-include=${opt-dir}/include
	--with-opt-lib
	--without-opt-lib=${opt-dir}/lib
	--with-make-prog
	--without-make-prog
	--srcdir=.
	--curdir
	--ruby=/Users/Vasenka/.rvm/rubies/ruby-2.1.0/bin/ruby
	--with-pgsql-server-dir
	--without-pgsql-server-dir
	--with-pgsql-server-include
	--without-pgsql-server-include=${pgsql-server-dir}/include
	--with-pgsql-server-lib
	--without-pgsql-server-lib=${pgsql-server-dir}/lib
	--with-pgsql-client-dir
	--without-pgsql-client-dir
	--with-pgsql-client-include
	--without-pgsql-client-include=${pgsql-client-dir}/include
	--with-pgsql-client-lib
	--without-pgsql-client-lib=${pgsql-client-dir}/lib
	--with-pqlib
	--without-pqlib
Could not find PostgreSQL build environment (libraries & headers): Makefile not created

extconf failed, exit code 1

Gem files will remain installed in /Users/Vasenka/.rvm/gems/ruby-2.1.0/gems/do_postgres-0.10.14 for inspection.
Results logged to /Users/Vasenka/.rvm/gems/ruby-2.1.0/extensions/x86_64-darwin-12/2.1.0-static/do_postgres-0.10.14/gem_make.out

/Users/Vasenka/.rvm/rubies/ruby-2.1.0/lib/ruby/site_ruby/2.1.0/rubygems/ext/builder.rb:89:in `run'  \n/Users/Vasenka/.rvm/rubies/ruby-2.1.0/lib/ruby/site_ruby/2.1.0/rubygems/ext/ext_conf_builder.rb:38:in `block in build'  \n/Users/Vasenka/.rvm/rubies/ruby-2.1.0/lib/ruby/2.1.0/tempfile.rb:324:in `open'  \n/Users/Vasenka/.rvm/rubies/ruby-2.1.0/lib/ruby/site_ruby/2.1.0/rubygems/ext/ext_conf_builder.rb:17:in `build'  \n/Users/Vasenka/.rvm/rubies/ruby-2.1.0/lib/ruby/site_ruby/2.1.0/rubygems/ext/builder.rb:161:in `block (2 levels) in build_extension'  \n/Users/Vasenka/.rvm/rubies/ruby-2.1.0/lib/ruby/site_ruby/2.1.0/rubygems/ext/builder.rb:160:in `chdir'  \n/Users/Vasenka/.rvm/rubies/ruby-2.1.0/lib/ruby/site_ruby/2.1.0/rubygems/ext/builder.rb:160:in `block in build_extension'  \n/Users/Vasenka/.rvm/rubies/ruby-2.1.0/lib/ruby/site_ruby/2.1.0/rubygems/ext/builder.rb:159:in `synchronize'  \n/Users/Vasenka/.rvm/rubies/ruby-2.1.0/lib/ruby/site_ruby/2.1.0/rubygems/ext/builder.rb:159:in `build_extension'  \n/Users/Vasenka/.rvm/rubies/ruby-2.1.0/lib/ruby/site_ruby/2.1.0/rubygems/ext/builder.rb:198:in `block in build_extensions'  \n/Users/Vasenka/.rvm/rubies/ruby-2.1.0/lib/ruby/site_ruby/2.1.0/rubygems/ext/builder.rb:195:in `each'  \n/Users/Vasenka/.rvm/rubies/ruby-2.1.0/lib/ruby/site_ruby/2.1.0/rubygems/ext/builder.rb:195:in `build_extensions'  \n/Users/Vasenka/.rvm/rubies/ruby-2.1.0/lib/ruby/site_ruby/2.1.0/rubygems/installer.rb:677:in `build_extensions'  \n/Users/Vasenka/.rvm/rubies/ruby-2.1.0/lib/ruby/site_ruby/2.1.0/rubygems/installer.rb:232:in `install'  \n/Users/Vasenka/.rvm/gems/ruby-2.1.0@global/gems/bundler-1.5.1/lib/bundler/source/rubygems.rb:101:in `block in install'  \n/Users/Vasenka/.rvm/gems/ruby-2.1.0@global/gems/bundler-1.5.1/lib/bundler/rubygems_integration.rb:118:in `preserve_paths'  \n/Users/Vasenka/.rvm/gems/ruby-2.1.0@global/gems/bundler-1.5.1/lib/bundler/source/rubygems.rb:94:in `install'  \n/Users/Vasenka/.rvm/gems/ruby-2.1.0@global/gems/bundler-1.5.1/lib/bundler/installer.rb:111:in `block in install_gem_from_spec'  \n/Users/Vasenka/.rvm/gems/ruby-2.1.0@global/gems/bundler-1.5.1/lib/bundler/rubygems_integration.rb:150:in `with_build_args'  \n/Users/Vasenka/.rvm/gems/ruby-2.1.0@global/gems/bundler-1.5.1/lib/bundler/installer.rb:110:in `install_gem_from_spec'  \n/Users/Vasenka/.rvm/gems/ruby-2.1.0@global/gems/bundler-1.5.1/lib/bundler/installer.rb:295:in `block in install_sequentially'  \n/Users/Vasenka/.rvm/rubies/ruby-2.1.0/lib/ruby/2.1.0/forwardable.rb:183:in `each'  \n/Users/Vasenka/.rvm/rubies/ruby-2.1.0/lib/ruby/2.1.0/forwardable.rb:183:in `each'  \n/Users/Vasenka/.rvm/gems/ruby-2.1.0@global/gems/bundler-1.5.1/lib/bundler/installer.rb:294:in `install_sequentially'  \n/Users/Vasenka/.rvm/gems/ruby-2.1.0@global/gems/bundler-1.5.1/lib/bundler/installer.rb:97:in `run'  \n/Users/Vasenka/.rvm/gems/ruby-2.1.0@global/gems/bundler-1.5.1/lib/bundler/installer.rb:15:in `install'  \n/Users/Vasenka/.rvm/gems/ruby-2.1.0@global/gems/bundler-1.5.1/lib/bundler/cli.rb:257:in `install'  \n/Users/Vasenka/.rvm/gems/ruby-2.1.0@global/gems/bundler-1.5.1/lib/bundler/vendor/thor/command.rb:27:in `run'  \n/Users/Vasenka/.rvm/gems/ruby-2.1.0@global/gems/bundler-1.5.1/lib/bundler/vendor/thor/invocation.rb:120:in `invoke_command'  \n/Users/Vasenka/.rvm/gems/ruby-2.1.0@global/gems/bundler-1.5.1/lib/bundler/vendor/thor.rb:363:in `dispatch'  \n/Users/Vasenka/.rvm/gems/ruby-2.1.0@global/gems/bundler-1.5.1/lib/bundler/vendor/thor/base.rb:438:in `start'  \n/Users/Vasenka/.rvm/gems/ruby-2.1.0@global/gems/bundler-1.5.1/lib/bundler/cli.rb:10:in `start'  \n/Users/Vasenka/.rvm/gems/ruby-2.1.0@global/gems/bundler-1.5.1/bin/bundle:22:in `block in <top (required)>'  \n/Users/Vasenka/.rvm/gems/ruby-2.1.0@global/gems/bundler-1.5.1/lib/bundler/friendly_errors.rb:5:in `with_friendly_errors'  \n/Users/Vasenka/.rvm/gems/ruby-2.1.0@global/gems/bundler-1.5.1/bin/bundle:22:in `<top (required)>'  \n/Users/Vasenka/.rvm/gems/ruby-2.1.0@global/bin/bundle:23:in `load'  \n/Users/Vasenka/.rvm/gems/ruby-2.1.0@global/bin/bundle:23:in `<main>'  \n/Users/Vasenka/.rvm/gems/ruby-2.1.0@global/bin/ruby_executable_hooks:15:in `eval'  \n/Users/Vasenka/.rvm/gems/ruby-2.1.0@global/bin/ruby_executable_hooks:15:in `<main>'
I, [2014-02-15T11:56:36.339688 #64026]  INFO -- : 0:  addressable (2.3.5) from /Users/Vasenka/.rvm/gems/ruby-2.1.0/specifications/addressable-2.3.5.gemspec
I, [2014-02-15T11:56:36.346458 #64026]  INFO -- : 0:  bcrypt-ruby (3.1.2) from /Users/Vasenka/.rvm/gems/ruby-2.1.0/specifications/bcrypt-ruby-3.1.2.gemspec
I, [2014-02-15T11:56:36.346742 #64026]  INFO -- : 0:  builder (3.2.2) from /Users/Vasenka/.rvm/gems/ruby-2.1.0/specifications/builder-3.2.2.gemspec
I, [2014-02-15T11:56:36.347016 #64026]  INFO -- : 0:  mime-types (2.1) from /Users/Vasenka/.rvm/gems/ruby-2.1.0/specifications/mime-types-2.1.gemspec
I, [2014-02-15T11:56:36.347277 #64026]  INFO -- : 0:  mini_portile (0.5.2) from /Users/Vasenka/.rvm/gems/ruby-2.1.0/specifications/mini_portile-0.5.2.gemspec
I, [2014-02-15T11:56:36.347546 #64026]  INFO -- : 0:  nokogiri (1.6.1) from /Users/Vasenka/.rvm/gems/ruby-2.1.0/specifications/nokogiri-1.6.1.gemspec
I, [2014-02-15T11:56:36.347817 #64026]  INFO -- : 0:  rack (1.5.2) from /Users/Vasenka/.rvm/gems/ruby-2.1.0/specifications/rack-1.5.2.gemspec
I, [2014-02-15T11:56:36.348085 #64026]  INFO -- : 0:  rack-test (0.6.2) from /Users/Vasenka/.rvm/gems/ruby-2.1.0/specifications/rack-test-0.6.2.gemspec
I, [2014-02-15T11:56:36.348338 #64026]  INFO -- : 0:  xpath (2.0.0) from /Users/Vasenka/.rvm/gems/ruby-2.1.0/specifications/xpath-2.0.0.gemspec
I, [2014-02-15T11:56:36.348600 #64026]  INFO -- : 0:  capybara (2.2.1) from /Users/Vasenka/.rvm/gems/ruby-2.1.0/specifications/capybara-2.2.1.gemspec
I, [2014-02-15T11:56:36.348863 #64026]  INFO -- : 0:  diff-lcs (1.2.5) from /Users/Vasenka/.rvm/gems/ruby-2.1.0/specifications/diff-lcs-1.2.5.gemspec
I, [2014-02-15T11:56:36.349127 #64026]  INFO -- : 0:  multi_json (1.8.4) from /Users/Vasenka/.rvm/gems/ruby-2.1.0/specifications/multi_json-1.8.4.gemspec
I, [2014-02-15T11:56:36.349392 #64026]  INFO -- : 0:  gherkin (2.12.2) from /Users/Vasenka/.rvm/gems/ruby-2.1.0/specifications/gherkin-2.12.2.gemspec
I, [2014-02-15T11:56:36.349655 #64026]  INFO -- : 0:  multi_test (0.0.3) from /Users/Vasenka/.rvm/gems/ruby-2.1.0/specifications/multi_test-0.0.3.gemspec
I, [2014-02-15T11:56:36.349916 #64026]  INFO -- : 0:  cucumber (1.3.10) from /Users/Vasenka/.rvm/gems/ruby-2.1.0/specifications/cucumber-1.3.10.gemspec
I, [2014-02-15T11:56:36.350178 #64026]  INFO -- : 0:  extlib (0.9.16) from /Users/Vasenka/.rvm/gems/ruby-2.1.0/specifications/extlib-0.9.16.gemspec
I, [2014-02-15T11:56:36.350439 #64026]  INFO -- : 0:  highline (1.6.20) from /Users/Vasenka/.rvm/gems/ruby-2.1.0/specifications/highline-1.6.20.gemspec
I, [2014-02-15T11:56:36.350699 #64026]  INFO -- : 0:  templater (1.0.0) from /Users/Vasenka/.rvm/gems/ruby-2.1.0/specifications/templater-1.0.0.gemspec
I, [2014-02-15T11:56:36.350962 #64026]  INFO -- : 0:  cucumber-sinatra (0.5.0) from /Users/Vasenka/.rvm/gems/ruby-2.1.0/specifications/cucumber-sinatra-0.5.0.gemspec
I, [2014-02-15T11:56:36.351224 #64026]  INFO -- : 0:  dm-core (1.2.1) from /Users/Vasenka/.rvm/gems/ruby-2.1.0/specifications/dm-core-1.2.1.gemspec
I, [2014-02-15T11:56:36.351523 #64026]  INFO -- : 0:  dm-aggregates (1.2.0) from /Users/Vasenka/.rvm/gems/ruby-2.1.0/specifications/dm-aggregates-1.2.0.gemspec
I, [2014-02-15T11:56:36.351776 #64026]  INFO -- : 0:  dm-constraints (1.2.0) from /Users/Vasenka/.rvm/gems/ruby-2.1.0/specifications/dm-constraints-1.2.0.gemspec
I, [2014-02-15T11:56:36.352040 #64026]  INFO -- : 0:  dm-migrations (1.2.0) from /Users/Vasenka/.rvm/gems/ruby-2.1.0/specifications/dm-migrations-1.2.0.gemspec
I, [2014-02-15T11:56:36.352302 #64026]  INFO -- : 0:  fastercsv (1.5.5) from /Users/Vasenka/.rvm/gems/ruby-2.1.0/specifications/fastercsv-1.5.5.gemspec
I, [2014-02-15T11:56:36.352588 #64026]  INFO -- : 0:  json (1.8.1) from /Users/Vasenka/.rvm/rubies/ruby-2.1.0/lib/ruby/gems/2.1.0/specifications/default/json-1.8.1.gemspec
I, [2014-02-15T11:56:36.352847 #64026]  INFO -- : 0:  json_pure (1.8.1) from /Users/Vasenka/.rvm/gems/ruby-2.1.0/specifications/json_pure-1.8.1.gemspec
I, [2014-02-15T11:56:36.353108 #64026]  INFO -- : 0:  dm-serializer (1.2.2) from /Users/Vasenka/.rvm/gems/ruby-2.1.0/specifications/dm-serializer-1.2.2.gemspec
I, [2014-02-15T11:56:36.353369 #64026]  INFO -- : 0:  dm-timestamps (1.2.0) from /Users/Vasenka/.rvm/gems/ruby-2.1.0/specifications/dm-timestamps-1.2.0.gemspec
I, [2014-02-15T11:56:36.353634 #64026]  INFO -- : 0:  dm-transactions (1.2.0) from /Users/Vasenka/.rvm/gems/ruby-2.1.0/specifications/dm-transactions-1.2.0.gemspec
I, [2014-02-15T11:56:36.353896 #64026]  INFO -- : 0:  stringex (1.5.1) from /Users/Vasenka/.rvm/gems/ruby-2.1.0/specifications/stringex-1.5.1.gemspec
I, [2014-02-15T11:56:36.354147 #64026]  INFO -- : 0:  uuidtools (2.1.4) from /Users/Vasenka/.rvm/gems/ruby-2.1.0/specifications/uuidtools-2.1.4.gemspec
I, [2014-02-15T11:56:36.354452 #64026]  INFO -- : 0:  dm-types (1.2.2) from /Users/Vasenka/.rvm/gems/ruby-2.1.0/specifications/dm-types-1.2.2.gemspec
I, [2014-02-15T11:56:36.354713 #64026]  INFO -- : 0:  dm-validations (1.2.0) from /Users/Vasenka/.rvm/gems/ruby-2.1.0/specifications/dm-validations-1.2.0.gemspec
I, [2014-02-15T11:56:36.354973 #64026]  INFO -- : 0:  data_mapper (1.2.0) from /Users/Vasenka/.rvm/gems/ruby-2.1.0/specifications/data_mapper-1.2.0.gemspec
I, [2014-02-15T11:56:36.355237 #64026]  INFO -- : 0:  data_objects (0.10.14) from /Users/Vasenka/.rvm/gems/ruby-2.1.0/specifications/data_objects-0.10.14.gemspec
I, [2014-02-15T11:56:36.355499 #64026]  INFO -- : 0:  database_cleaner (1.2.0) from /Users/Vasenka/.rvm/gems/ruby-2.1.0/specifications/database_cleaner-1.2.0.gemspec
I, [2014-02-15T11:56:36.355761 #64026]  INFO -- : 0:  dm-do-adapter (1.2.0) from /Users/Vasenka/.rvm/gems/ruby-2.1.0/specifications/dm-do-adapter-1.2.0.gemspec
E, [2014-02-15T11:56:36.784676 #64026] ERROR -- : Gem::Ext::BuildError: ERROR: Failed to build gem native extension.

    /Users/Vasenka/.rvm/rubies/ruby-2.1.0/bin/ruby extconf.rb 
checking for main() in -lpq... yes
checking for libpq-fe.h... no
*** extconf.rb failed ***
Could not create Makefile due to some reason, probably lack of necessary
libraries and/or headers.  Check the mkmf.log file for more details.  You may
need configuration options.

Provided configuration options:
	--with-opt-dir
	--without-opt-dir
	--with-opt-include
	--without-opt-include=${opt-dir}/include
	--with-opt-lib
	--without-opt-lib=${opt-dir}/lib
	--with-make-prog
	--without-make-prog
	--srcdir=.
	--curdir
	--ruby=/Users/Vasenka/.rvm/rubies/ruby-2.1.0/bin/ruby
	--with-pgsql-server-dir
	--without-pgsql-server-dir
	--with-pgsql-server-include
	--without-pgsql-server-include=${pgsql-server-dir}/include
	--with-pgsql-server-lib
	--without-pgsql-server-lib=${pgsql-server-dir}/lib
	--with-pgsql-client-dir
	--without-pgsql-client-dir
	--with-pgsql-client-include
	--without-pgsql-client-include=${pgsql-client-dir}/include
	--with-pgsql-client-lib
	--without-pgsql-client-lib=${pgsql-client-dir}/lib
	--with-pqlib
	--without-pqlib
Could not find PostgreSQL build environment (libraries & headers): Makefile not created

extconf failed, exit code 1

Gem files will remain installed in /Users/Vasenka/.rvm/gems/ruby-2.1.0/gems/do_postgres-0.10.14 for inspection.
Results logged to /Users/Vasenka/.rvm/gems/ruby-2.1.0/extensions/x86_64-darwin-12/2.1.0-static/do_postgres-0.10.14/gem_make.out

/Users/Vasenka/.rvm/rubies/ruby-2.1.0/lib/ruby/site_ruby/2.1.0/rubygems/ext/builder.rb:89:in `run'  \n/Users/Vasenka/.rvm/rubies/ruby-2.1.0/lib/ruby/site_ruby/2.1.0/rubygems/ext/ext_conf_builder.rb:38:in `block in build'  \n/Users/Vasenka/.rvm/rubies/ruby-2.1.0/lib/ruby/2.1.0/tempfile.rb:324:in `open'  \n/Users/Vasenka/.rvm/rubies/ruby-2.1.0/lib/ruby/site_ruby/2.1.0/rubygems/ext/ext_conf_builder.rb:17:in `build'  \n/Users/Vasenka/.rvm/rubies/ruby-2.1.0/lib/ruby/site_ruby/2.1.0/rubygems/ext/builder.rb:161:in `block (2 levels) in build_extension'  \n/Users/Vasenka/.rvm/rubies/ruby-2.1.0/lib/ruby/site_ruby/2.1.0/rubygems/ext/builder.rb:160:in `chdir'  \n/Users/Vasenka/.rvm/rubies/ruby-2.1.0/lib/ruby/site_ruby/2.1.0/rubygems/ext/builder.rb:160:in `block in build_extension'  \n/Users/Vasenka/.rvm/rubies/ruby-2.1.0/lib/ruby/site_ruby/2.1.0/rubygems/ext/builder.rb:159:in `synchronize'  \n/Users/Vasenka/.rvm/rubies/ruby-2.1.0/lib/ruby/site_ruby/2.1.0/rubygems/ext/builder.rb:159:in `build_extension'  \n/Users/Vasenka/.rvm/rubies/ruby-2.1.0/lib/ruby/site_ruby/2.1.0/rubygems/ext/builder.rb:198:in `block in build_extensions'  \n/Users/Vasenka/.rvm/rubies/ruby-2.1.0/lib/ruby/site_ruby/2.1.0/rubygems/ext/builder.rb:195:in `each'  \n/Users/Vasenka/.rvm/rubies/ruby-2.1.0/lib/ruby/site_ruby/2.1.0/rubygems/ext/builder.rb:195:in `build_extensions'  \n/Users/Vasenka/.rvm/rubies/ruby-2.1.0/lib/ruby/site_ruby/2.1.0/rubygems/installer.rb:677:in `build_extensions'  \n/Users/Vasenka/.rvm/rubies/ruby-2.1.0/lib/ruby/site_ruby/2.1.0/rubygems/installer.rb:232:in `install'  \n/Users/Vasenka/.rvm/gems/ruby-2.1.0@global/gems/bundler-1.5.1/lib/bundler/source/rubygems.rb:101:in `block in install'  \n/Users/Vasenka/.rvm/gems/ruby-2.1.0@global/gems/bundler-1.5.1/lib/bundler/rubygems_integration.rb:118:in `preserve_paths'  \n/Users/Vasenka/.rvm/gems/ruby-2.1.0@global/gems/bundler-1.5.1/lib/bundler/source/rubygems.rb:94:in `install'  \n/Users/Vasenka/.rvm/gems/ruby-2.1.0@global/gems/bundler-1.5.1/lib/bundler/installer.rb:111:in `block in install_gem_from_spec'  \n/Users/Vasenka/.rvm/gems/ruby-2.1.0@global/gems/bundler-1.5.1/lib/bundler/rubygems_integration.rb:150:in `with_build_args'  \n/Users/Vasenka/.rvm/gems/ruby-2.1.0@global/gems/bundler-1.5.1/lib/bundler/installer.rb:110:in `install_gem_from_spec'  \n/Users/Vasenka/.rvm/gems/ruby-2.1.0@global/gems/bundler-1.5.1/lib/bundler/installer.rb:295:in `block in install_sequentially'  \n/Users/Vasenka/.rvm/rubies/ruby-2.1.0/lib/ruby/2.1.0/forwardable.rb:183:in `each'  \n/Users/Vasenka/.rvm/rubies/ruby-2.1.0/lib/ruby/2.1.0/forwardable.rb:183:in `each'  \n/Users/Vasenka/.rvm/gems/ruby-2.1.0@global/gems/bundler-1.5.1/lib/bundler/installer.rb:294:in `install_sequentially'  \n/Users/Vasenka/.rvm/gems/ruby-2.1.0@global/gems/bundler-1.5.1/lib/bundler/installer.rb:97:in `run'  \n/Users/Vasenka/.rvm/gems/ruby-2.1.0@global/gems/bundler-1.5.1/lib/bundler/installer.rb:15:in `install'  \n/Users/Vasenka/.rvm/gems/ruby-2.1.0@global/gems/bundler-1.5.1/lib/bundler/cli.rb:257:in `install'  \n/Users/Vasenka/.rvm/gems/ruby-2.1.0@global/gems/bundler-1.5.1/lib/bundler/vendor/thor/command.rb:27:in `run'  \n/Users/Vasenka/.rvm/gems/ruby-2.1.0@global/gems/bundler-1.5.1/lib/bundler/vendor/thor/invocation.rb:120:in `invoke_command'  \n/Users/Vasenka/.rvm/gems/ruby-2.1.0@global/gems/bundler-1.5.1/lib/bundler/vendor/thor.rb:363:in `dispatch'  \n/Users/Vasenka/.rvm/gems/ruby-2.1.0@global/gems/bundler-1.5.1/lib/bundler/vendor/thor/base.rb:438:in `start'  \n/Users/Vasenka/.rvm/gems/ruby-2.1.0@global/gems/bundler-1.5.1/lib/bundler/cli.rb:10:in `start'  \n/Users/Vasenka/.rvm/gems/ruby-2.1.0@global/gems/bundler-1.5.1/bin/bundle:22:in `block in <top (required)>'  \n/Users/Vasenka/.rvm/gems/ruby-2.1.0@global/gems/bundler-1.5.1/lib/bundler/friendly_errors.rb:5:in `with_friendly_errors'  \n/Users/Vasenka/.rvm/gems/ruby-2.1.0@global/gems/bundler-1.5.1/bin/bundle:22:in `<top (required)>'  \n/Users/Vasenka/.rvm/gems/ruby-2.1.0@global/bin/bundle:23:in `load'  \n/Users/Vasenka/.rvm/gems/ruby-2.1.0@global/bin/bundle:23:in `<main>'  \n/Users/Vasenka/.rvm/gems/ruby-2.1.0/bin/ruby_executable_hooks:15:in `eval'  \n/Users/Vasenka/.rvm/gems/ruby-2.1.0/bin/ruby_executable_hooks:15:in `<main>'
I, [2014-02-15T12:04:18.771289 #65291]  INFO -- : 0:  addressable (2.3.5) from /Users/Vasenka/.rvm/gems/ruby-2.1.0/specifications/addressable-2.3.5.gemspec
I, [2014-02-15T12:04:18.771626 #65291]  INFO -- : 0:  bcrypt-ruby (3.1.2) from /Users/Vasenka/.rvm/gems/ruby-2.1.0/specifications/bcrypt-ruby-3.1.2.gemspec
I, [2014-02-15T12:04:18.771898 #65291]  INFO -- : 0:  builder (3.2.2) from /Users/Vasenka/.rvm/gems/ruby-2.1.0/specifications/builder-3.2.2.gemspec
I, [2014-02-15T12:04:18.772160 #65291]  INFO -- : 0:  mime-types (2.1) from /Users/Vasenka/.rvm/gems/ruby-2.1.0/specifications/mime-types-2.1.gemspec
I, [2014-02-15T12:04:18.772422 #65291]  INFO -- : 0:  mini_portile (0.5.2) from /Users/Vasenka/.rvm/gems/ruby-2.1.0/specifications/mini_portile-0.5.2.gemspec
I, [2014-02-15T12:04:18.772694 #65291]  INFO -- : 0:  nokogiri (1.6.1) from /Users/Vasenka/.rvm/gems/ruby-2.1.0/specifications/nokogiri-1.6.1.gemspec
I, [2014-02-15T12:04:18.772961 #65291]  INFO -- : 0:  rack (1.5.2) from /Users/Vasenka/.rvm/gems/ruby-2.1.0/specifications/rack-1.5.2.gemspec
I, [2014-02-15T12:04:18.773229 #65291]  INFO -- : 0:  rack-test (0.6.2) from /Users/Vasenka/.rvm/gems/ruby-2.1.0/specifications/rack-test-0.6.2.gemspec
I, [2014-02-15T12:04:18.773522 #65291]  INFO -- : 0:  xpath (2.0.0) from /Users/Vasenka/.rvm/gems/ruby-2.1.0/specifications/xpath-2.0.0.gemspec
I, [2014-02-15T12:04:18.773787 #65291]  INFO -- : 0:  capybara (2.2.1) from /Users/Vasenka/.rvm/gems/ruby-2.1.0/specifications/capybara-2.2.1.gemspec
I, [2014-02-15T12:04:18.774054 #65291]  INFO -- : 0:  diff-lcs (1.2.5) from /Users/Vasenka/.rvm/gems/ruby-2.1.0/specifications/diff-lcs-1.2.5.gemspec
I, [2014-02-15T12:04:18.774355 #65291]  INFO -- : 0:  multi_json (1.8.4) from /Users/Vasenka/.rvm/gems/ruby-2.1.0/specifications/multi_json-1.8.4.gemspec
I, [2014-02-15T12:04:18.774653 #65291]  INFO -- : 0:  gherkin (2.12.2) from /Users/Vasenka/.rvm/gems/ruby-2.1.0/specifications/gherkin-2.12.2.gemspec
I, [2014-02-15T12:04:18.774919 #65291]  INFO -- : 0:  multi_test (0.0.3) from /Users/Vasenka/.rvm/gems/ruby-2.1.0/specifications/multi_test-0.0.3.gemspec
I, [2014-02-15T12:04:18.775178 #65291]  INFO -- : 0:  cucumber (1.3.10) from /Users/Vasenka/.rvm/gems/ruby-2.1.0/specifications/cucumber-1.3.10.gemspec
I, [2014-02-15T12:04:18.775441 #65291]  INFO -- : 0:  extlib (0.9.16) from /Users/Vasenka/.rvm/gems/ruby-2.1.0/specifications/extlib-0.9.16.gemspec
I, [2014-02-15T12:04:18.775708 #65291]  INFO -- : 0:  highline (1.6.20) from /Users/Vasenka/.rvm/gems/ruby-2.1.0/specifications/highline-1.6.20.gemspec
I, [2014-02-15T12:04:18.775969 #65291]  INFO -- : 0:  templater (1.0.0) from /Users/Vasenka/.rvm/gems/ruby-2.1.0/specifications/templater-1.0.0.gemspec
I, [2014-02-15T12:04:18.776235 #65291]  INFO -- : 0:  cucumber-sinatra (0.5.0) from /Users/Vasenka/.rvm/gems/ruby-2.1.0/specifications/cucumber-sinatra-0.5.0.gemspec
I, [2014-02-15T12:04:18.776495 #65291]  INFO -- : 0:  dm-core (1.2.1) from /Users/Vasenka/.rvm/gems/ruby-2.1.0/specifications/dm-core-1.2.1.gemspec
I, [2014-02-15T12:04:18.776756 #65291]  INFO -- : 0:  dm-aggregates (1.2.0) from /Users/Vasenka/.rvm/gems/ruby-2.1.0/specifications/dm-aggregates-1.2.0.gemspec
I, [2014-02-15T12:04:18.777020 #65291]  INFO -- : 0:  dm-constraints (1.2.0) from /Users/Vasenka/.rvm/gems/ruby-2.1.0/specifications/dm-constraints-1.2.0.gemspec
I, [2014-02-15T12:04:18.777271 #65291]  INFO -- : 0:  dm-migrations (1.2.0) from /Users/Vasenka/.rvm/gems/ruby-2.1.0/specifications/dm-migrations-1.2.0.gemspec
I, [2014-02-15T12:04:18.777531 #65291]  INFO -- : 0:  fastercsv (1.5.5) from /Users/Vasenka/.rvm/gems/ruby-2.1.0/specifications/fastercsv-1.5.5.gemspec
I, [2014-02-15T12:04:18.777781 #65291]  INFO -- : 0:  json (1.8.1) from /Users/Vasenka/.rvm/rubies/ruby-2.1.0/lib/ruby/gems/2.1.0/specifications/default/json-1.8.1.gemspec
I, [2014-02-15T12:04:18.778041 #65291]  INFO -- : 0:  json_pure (1.8.1) from /Users/Vasenka/.rvm/gems/ruby-2.1.0/specifications/json_pure-1.8.1.gemspec
I, [2014-02-15T12:04:18.778336 #65291]  INFO -- : 0:  dm-serializer (1.2.2) from /Users/Vasenka/.rvm/gems/ruby-2.1.0/specifications/dm-serializer-1.2.2.gemspec
I, [2014-02-15T12:04:18.778598 #65291]  INFO -- : 0:  dm-timestamps (1.2.0) from /Users/Vasenka/.rvm/gems/ruby-2.1.0/specifications/dm-timestamps-1.2.0.gemspec
I, [2014-02-15T12:04:18.778859 #65291]  INFO -- : 0:  dm-transactions (1.2.0) from /Users/Vasenka/.rvm/gems/ruby-2.1.0/specifications/dm-transactions-1.2.0.gemspec
I, [2014-02-15T12:04:18.779129 #65291]  INFO -- : 0:  stringex (1.5.1) from /Users/Vasenka/.rvm/gems/ruby-2.1.0/specifications/stringex-1.5.1.gemspec
I, [2014-02-15T12:04:18.779405 #65291]  INFO -- : 0:  uuidtools (2.1.4) from /Users/Vasenka/.rvm/gems/ruby-2.1.0/specifications/uuidtools-2.1.4.gemspec
I, [2014-02-15T12:04:18.779668 #65291]  INFO -- : 0:  dm-types (1.2.2) from /Users/Vasenka/.rvm/gems/ruby-2.1.0/specifications/dm-types-1.2.2.gemspec
I, [2014-02-15T12:04:18.779940 #65291]  INFO -- : 0:  dm-validations (1.2.0) from /Users/Vasenka/.rvm/gems/ruby-2.1.0/specifications/dm-validations-1.2.0.gemspec
I, [2014-02-15T12:04:18.780215 #65291]  INFO -- : 0:  data_mapper (1.2.0) from /Users/Vasenka/.rvm/gems/ruby-2.1.0/specifications/data_mapper-1.2.0.gemspec
I, [2014-02-15T12:04:18.780491 #65291]  INFO -- : 0:  data_objects (0.10.14) from /Users/Vasenka/.rvm/gems/ruby-2.1.0/specifications/data_objects-0.10.14.gemspec
I, [2014-02-15T12:04:18.780765 #65291]  INFO -- : 0:  database_cleaner (1.2.0) from /Users/Vasenka/.rvm/gems/ruby-2.1.0/specifications/database_cleaner-1.2.0.gemspec
I, [2014-02-15T12:04:18.781049 #65291]  INFO -- : 0:  dm-do-adapter (1.2.0) from /Users/Vasenka/.rvm/gems/ruby-2.1.0/specifications/dm-do-adapter-1.2.0.gemspec
I, [2014-02-15T12:04:21.175950 #65291]  INFO -- : 0:  do_postgres (0.10.14) from /Users/Vasenka/.rvm/gems/ruby-2.1.0/specifications/do_postgres-0.10.14.gemspec
I, [2014-02-15T12:04:22.112269 #65291]  INFO -- : 0:  dm-postgres-adapter (1.2.0) from /Users/Vasenka/.rvm/gems/ruby-2.1.0/specifications/dm-postgres-adapter-1.2.0.gemspec
I, [2014-02-15T12:04:22.623008 #65291]  INFO -- : 0:  rack-flash3 (1.0.5) from /Users/Vasenka/.rvm/gems/ruby-2.1.0/specifications/rack-flash3-1.0.5.gemspec
I, [2014-02-15T12:04:23.169038 #65291]  INFO -- : 0:  rack-protection (1.5.2) from /Users/Vasenka/.rvm/gems/ruby-2.1.0/specifications/rack-protection-1.5.2.gemspec
I, [2014-02-15T12:04:23.169482 #65291]  INFO -- : 0:  rspec-core (2.14.7) from /Users/Vasenka/.rvm/gems/ruby-2.1.0/specifications/rspec-core-2.14.7.gemspec
I, [2014-02-15T12:04:23.169797 #65291]  INFO -- : 0:  rspec-expectations (2.14.5) from /Users/Vasenka/.rvm/gems/ruby-2.1.0/specifications/rspec-expectations-2.14.5.gemspec
I, [2014-02-15T12:04:23.170130 #65291]  INFO -- : 0:  rspec-mocks (2.14.5) from /Users/Vasenka/.rvm/gems/ruby-2.1.0/specifications/rspec-mocks-2.14.5.gemspec
I, [2014-02-15T12:04:23.170448 #65291]  INFO -- : 0:  rspec (2.14.1) from /Users/Vasenka/.rvm/gems/ruby-2.1.0/specifications/rspec-2.14.1.gemspec
I, [2014-02-15T12:04:23.770851 #65291]  INFO -- : 0:  shotgun (0.9) from /Users/Vasenka/.rvm/gems/ruby-2.1.0/specifications/shotgun-0.9.gemspec
I, [2014-02-15T12:04:24.630585 #65291]  INFO -- : 0:  tilt (1.4.1) from /Users/Vasenka/.rvm/gems/ruby-2.1.0/specifications/tilt-1.4.1.gemspec
I, [2014-02-15T12:04:25.840534 #65291]  INFO -- : 0:  sinatra (1.4.4) from /Users/Vasenka/.rvm/gems/ruby-2.1.0/specifications/sinatra-1.4.4.gemspec
I, [2014-02-15T12:04:26.427613 #65291]  INFO -- : 0:  sinatra-partial (0.4.0) from /Users/Vasenka/.rvm/gems/ruby-2.1.0/specifications/sinatra-partial-0.4.0.gemspec
I, [2014-02-15T12:04:26.427963 #65291]  INFO -- : 0:  bundler (1.5.1) from /Users/Vasenka/.rvm/gems/ruby-2.1.0@global/specifications/bundler-1.5.1.gemspec
